2024-07-24 17:16:55:INFO:******************** Test_01_Admin_Login ******************
2024-07-24 17:16:55:INFO:******************** Verification of admin login page title ******************
2024-07-24 17:16:58:INFO:******************** test_title_verification title matched ******************
2024-07-24 17:17:01:INFO:******************** test_valid_admin_login started ******************
2024-07-24 17:17:13:INFO:******************** Dashboard text found ******************
2024-07-24 17:17:16:INFO:******************** test_invalid_admin_login started ******************
2024-07-24 17:17:31:INFO:******************** test_invalid_admin_login error messages matched ******************
2024-07-25 00:34:16:INFO:******************** Test_01_Admin_Login ******************
2024-07-25 00:34:16:INFO:******************** Verification of admin login page title ******************
2024-07-25 00:34:18:INFO:******************** test_title_verification title matched ******************
2024-07-25 00:34:21:INFO:******************** test_valid_admin_login started ******************
2024-07-25 00:34:26:INFO:******************** Dashboard text found ******************
2024-07-25 00:34:29:INFO:******************** test_invalid_admin_login started ******************
2024-07-25 00:34:32:INFO:******************** test_invalid_admin_login error messages matched ******************
2024-07-25 00:37:23:INFO:******************** Test_01_Admin_Login ******************
2024-07-25 00:37:23:INFO:******************** Verification of admin login page title ******************
2024-07-25 00:37:25:INFO:******************** test_title_verification title matched ******************
2024-07-25 00:37:34:INFO:******************** test_valid_admin_login started ******************
2024-07-25 00:37:39:INFO:******************** Dashboard text found ******************
2024-07-25 00:37:47:INFO:******************** test_invalid_admin_login started ******************
2024-07-25 00:37:51:INFO:******************** test_invalid_admin_login error messages matched ******************
2024-07-25 00:41:16:INFO:******************** Test_01_Admin_Login ******************
2024-07-25 00:41:16:INFO:******************** Verification of admin login page title ******************
2024-07-25 00:41:18:INFO:******************** test_title_verification title matched ******************
2024-07-25 00:41:23:INFO:******************** test_valid_admin_login started ******************
2024-07-25 00:41:28:INFO:******************** Dashboard text found ******************
2024-07-25 00:41:32:INFO:******************** test_invalid_admin_login started ******************
2024-07-25 00:41:36:INFO:******************** test_invalid_admin_login error messages matched ******************
2024-07-31 18:03:51:INFO:******************** test_valid_admin_login started ******************
2024-07-31 18:03:51:INFO:******************** Test_01_Admin_Login ******************
2024-07-31 18:03:51:INFO:******************** Verification of admin login page title ******************
2024-07-31 18:03:51:INFO:******************** test_invalid_admin_login started ******************
2024-07-31 18:03:54:INFO:******************** test_title_verification title matched ******************
2024-07-31 18:03:56:INFO:******************** test_invalid_admin_login error messages matched ******************
2024-07-31 18:07:43:INFO:******************** Dashboard text found ******************
2024-07-31 18:52:16:INFO:******************** test_valid_admin_login started ******************
2024-07-31 18:52:18:INFO:******************** Test_01_Admin_Login ******************
2024-07-31 18:52:18:INFO:******************** Verification of admin login page title ******************
2024-07-31 18:52:18:INFO:******************** test_invalid_admin_login started ******************
2024-07-31 18:52:21:INFO:******************** test_title_verification title matched ******************
2024-07-31 18:52:28:INFO:******************** Dashboard text found ******************
2024-07-31 18:52:31:INFO:******************** test_invalid_admin_login error messages matched ******************
2024-07-31 18:54:02:INFO:******************** test_invalid_admin_login started ******************
2024-07-31 18:54:02:INFO:******************** Test_01_Admin_Login ******************
2024-07-31 18:54:02:INFO:******************** Verification of admin login page title ******************
2024-07-31 18:54:03:INFO:******************** test_valid_admin_login started ******************
2024-07-31 18:54:07:INFO:******************** test_title_verification title matched ******************
2024-07-31 18:54:11:INFO:******************** test_invalid_admin_login error messages matched ******************
2024-07-31 18:56:03:INFO:******************** Dashboard text found ******************
2024-08-02 16:41:01:INFO:******************** Test_01_Admin_Login ******************
2024-08-02 16:41:01:INFO:******************** Verification of admin login page title ******************
2024-08-02 16:41:07:INFO:******************** test_title_verification title matched ******************
2024-08-02 16:41:09:INFO:******************** test_valid_admin_login started ******************
2024-08-02 16:44:44:INFO:******************** Dashboard text found ******************
2024-08-02 16:44:47:INFO:******************** test_invalid_admin_login started ******************
2024-08-02 16:44:52:INFO:******************** test_invalid_admin_login error messages matched ******************
2024-08-02 20:25:12:INFO:******************** Test_01_Admin_Login ******************
2024-08-02 20:25:12:INFO:******************** Verification of admin login page title ******************
2024-08-02 20:25:16:INFO:******************** test_title_verification title matched ******************
2024-08-02 20:25:18:INFO:******************** test_valid_admin_login started ******************
2024-08-02 20:26:34:INFO:******************** Dashboard text found ******************
2024-08-02 20:26:36:INFO:******************** test_invalid_admin_login started ******************
2024-08-02 20:26:40:INFO:******************** test_invalid_admin_login error messages matched ******************
2024-08-02 20:29:35:INFO:******************** Test_01_Admin_Login ******************
2024-08-02 20:29:35:INFO:******************** Verification of admin login page title ******************
2024-08-02 20:29:43:INFO:******************** test_title_verification title matched ******************
2024-08-02 20:29:46:INFO:******************** test_valid_admin_login started ******************
2024-08-02 20:29:55:INFO:******************** Dashboard text found ******************
2024-08-02 20:29:57:INFO:******************** test_invalid_admin_login started ******************
2024-08-02 20:30:03:INFO:******************** test_invalid_admin_login error messages matched ******************
2024-08-02 20:39:32:INFO:******************** Test_01_Admin_Login ******************
2024-08-02 20:39:32:INFO:******************** Verification of admin login page title ******************
2024-08-02 20:39:38:INFO:******************** test_title_verification title matched ******************
2024-08-02 20:39:41:INFO:******************** test_valid_admin_login started ******************
2024-08-02 20:41:05:INFO:******************** Dashboard text found ******************
2024-08-02 20:41:07:INFO:******************** test_invalid_admin_login started ******************
2024-08-02 20:41:29:INFO:******************** test_invalid_admin_login error messages matched ******************
2024-08-02 20:45:53:INFO:******************** Test_01_Admin_Login ******************
2024-08-02 20:45:53:INFO:******************** Verification of admin login page title ******************
2024-08-02 20:46:01:INFO:******************** test_title_verification title matched ******************
2024-08-02 20:46:03:INFO:******************** test_valid_admin_login started ******************
2024-08-02 20:47:09:INFO:******************** Dashboard text found ******************
2024-08-02 20:47:11:INFO:******************** test_invalid_admin_login started ******************
2024-08-02 20:48:06:INFO:******************** test_invalid_admin_login error messages matched ******************
2024-08-06 01:15:06:INFO:******************** test_valid_admin_login_data_driven started ******************
2024-08-06 01:16:45:INFO:******************** test_valid_admin_login_data_driven started ******************
2024-08-06 01:40:26:INFO:******************** test_valid_admin_login_data_driven started ******************
2024-08-06 01:44:18:INFO:******************** test_valid_admin_login_data_driven started ******************
2024-08-06 01:49:11:INFO:******************** test_valid_admin_login_data_driven started ******************
2024-08-06 02:11:19:INFO:******************** test_valid_admin_login_data_driven started ******************
2024-08-06 02:11:34:INFO:Test data is passed
2024-08-06 02:11:47:INFO:Test data is passed
2024-08-06 02:11:58:INFO:Test data is passed
2024-08-06 02:11:58:INFO:Test admin data driven test is passed
2024-08-21 11:13:04:INFO:********** Test_04_001_Search_Customer with email started *************
2024-08-21 11:13:33:INFO:************* Test_04_002_Search_customer by name started ***********
2024-08-21 11:14:07:INFO:************* Test_04_003_Search_customer with company name started ***********
2024-08-21 11:37:51:INFO:********** Test_04_001_Search_Customer with email started *************
2024-08-21 11:38:17:INFO:************* Test_04_002_Search_customer by name started ***********
2024-08-21 11:38:47:INFO:************* Test_04_003_Search_customer with company name started ***********
2024-08-21 14:15:02:INFO:************ Test_03_Add_New_Customer Started****************
2024-08-21 14:15:28:INFO:******************** test_valid_admin_login started ******************
2024-08-21 14:15:49:INFO:********** Test_04_001_Search_Customer with email started *************
